2025-10-16T10:25:23.201+09:00  INFO 26088 --- [WedSnap] [main] me.agfe.wedsnap.WedSnapApplication       : Starting WedSnapApplication using Java 17.0.13 with PID 26088 (C:\Users\maple\Documents\WedSnap\build\classes\java\main started by maple in C:\Users\maple\Documents\WedSnap)
2025-10-16T10:25:23.208+09:00 DEBUG 26088 --- [WedSnap] [main] me.agfe.wedsnap.WedSnapApplication       : Running with Spring Boot v3.5.6, Spring v6.2.11
2025-10-16T10:25:23.208+09:00  INFO 26088 --- [WedSnap] [main] me.agfe.wedsnap.WedSnapApplication       : The following 1 profile is active: "local"
2025-10-16T10:25:24.599+09:00  INFO 26088 --- [WedSnap] [main] o.s.b.w.embedded.tomcat.TomcatWebServer  : Tomcat initialized with port 8080 (http)
2025-10-16T10:25:24.610+09:00  INFO 26088 --- [WedSnap] [main] o.apache.catalina.core.StandardService   : Starting service [Tomcat]
2025-10-16T10:25:24.611+09:00  INFO 26088 --- [WedSnap] [main] o.apache.catalina.core.StandardEngine    : Starting Servlet engine: [Apache Tomcat/10.1.46]
2025-10-16T10:25:24.694+09:00  INFO 26088 --- [WedSnap] [main] o.a.c.c.C.[Tomcat].[localhost].[/]       : Initializing Spring embedded WebApplicationContext
2025-10-16T10:25:24.694+09:00  INFO 26088 --- [WedSnap] [main] w.s.c.ServletWebServerApplicationContext : Root WebApplicationContext: initialization completed in 1442 ms
2025-10-16T10:25:26.186+09:00  INFO 26088 --- [WedSnap] [main] o.s.b.a.e.web.EndpointLinksResolver      : Exposing 1 endpoint beneath base path '/actuator'
2025-10-16T10:25:26.295+09:00  INFO 26088 --- [WedSnap] [main] o.s.b.w.embedded.tomcat.TomcatWebServer  : Tomcat started on port 8080 (http) with context path '/'
2025-10-16T10:25:26.311+09:00  INFO 26088 --- [WedSnap] [main] me.agfe.wedsnap.WedSnapApplication       : Started WedSnapApplication in 3.563 seconds (process running for 3.864)
2025-10-16T11:42:34.362+09:00  INFO 26088 --- [WedSnap] [http-nio-8080-exec-2] o.a.c.c.C.[Tomcat].[localhost].[/]       : Initializing Spring DispatcherServlet 'dispatcherServlet'
2025-10-16T11:42:34.364+09:00  INFO 26088 --- [WedSnap] [http-nio-8080-exec-2] o.s.web.servlet.DispatcherServlet        : Initializing Servlet 'dispatcherServlet'
2025-10-16T11:42:34.372+09:00  INFO 26088 --- [WedSnap] [http-nio-8080-exec-2] o.s.web.servlet.DispatcherServlet        : Completed initialization in 8 ms
2025-10-16T11:42:34.495+09:00  WARN 26088 --- [WedSnap] [http-nio-8080-exec-2] .w.s.m.s.DefaultHandlerExceptionResolver : Resolved [org.springframework.web.bind.MissingServletRequestParameterException: Required request parameter 'uploaderName' for method parameter type String is not present]
2025-10-16T11:43:04.667+09:00  INFO 26088 --- [WedSnap] [http-nio-8080-exec-4] m.a.w.controller.UploadRestController    : Upload request received: eventId=test, uploader=유은호, files=4
2025-10-16T11:43:04.688+09:00  INFO 26088 --- [WedSnap] [http-nio-8080-exec-4] m.a.wedsnap.repository.UploadRepository  : [local] File saved: 스크린샷 2025-07-21 174720.png -> C:\temp\wedsnap\event-test\유은호\d059f2fb-a202-4a5e-9ccd-d10b31551466.png
2025-10-16T11:43:04.702+09:00  INFO 26088 --- [WedSnap] [http-nio-8080-exec-4] m.a.wedsnap.repository.UploadRepository  : [local] File saved: 스크린샷 2025-07-21 183236.png -> C:\temp\wedsnap\event-test\유은호\c30cb05f-8356-4993-9c51-139db4f1f49a.png
2025-10-16T11:43:04.717+09:00  INFO 26088 --- [WedSnap] [http-nio-8080-exec-4] m.a.wedsnap.repository.UploadRepository  : [local] File saved: 스크린샷 2025-07-21 191321.png -> C:\temp\wedsnap\event-test\유은호\fd436586-cc97-41c1-bdc9-7079b148b711.png
2025-10-16T11:43:04.726+09:00  INFO 26088 --- [WedSnap] [http-nio-8080-exec-4] m.a.wedsnap.repository.UploadRepository  : [local] File saved: 스크린샷 2025-07-21 192636.png -> C:\temp\wedsnap\event-test\유은호\ac50086d-ce3a-45a1-b716-80330457cf26.png
2025-10-16T11:43:12.271+09:00  INFO 26088 --- [WedSnap] [http-nio-8080-exec-5] m.a.w.controller.UploadRestController    : Upload request received: eventId=test, uploader=유은호, files=4
2025-10-16T11:43:12.285+09:00  INFO 26088 --- [WedSnap] [http-nio-8080-exec-5] m.a.wedsnap.repository.UploadRepository  : [local] File saved: 스크린샷 2025-07-21 174720.png -> C:\temp\wedsnap\event-test\유은호\302efc3e-5664-4dc3-b7d1-cef49eab3fc0.png
2025-10-16T11:43:12.296+09:00  INFO 26088 --- [WedSnap] [http-nio-8080-exec-5] m.a.wedsnap.repository.UploadRepository  : [local] File saved: 스크린샷 2025-07-21 183236.png -> C:\temp\wedsnap\event-test\유은호\f0ab2cf1-8a90-4783-a246-6c30272a70d0.png
2025-10-16T11:43:12.308+09:00  INFO 26088 --- [WedSnap] [http-nio-8080-exec-5] m.a.wedsnap.repository.UploadRepository  : [local] File saved: 스크린샷 2025-07-21 191321.png -> C:\temp\wedsnap\event-test\유은호\e082497c-363e-4305-97fb-bdaa95314a53.png
2025-10-16T11:43:12.316+09:00  INFO 26088 --- [WedSnap] [http-nio-8080-exec-5] m.a.wedsnap.repository.UploadRepository  : [local] File saved: 스크린샷 2025-07-21 192636.png -> C:\temp\wedsnap\event-test\유은호\09f57a87-5898-4c48-82b9-1e2bf2a8ba09.png
2025-10-16T11:43:52.464+09:00  WARN 26088 --- [WedSnap] [http-nio-8080-exec-6] .w.s.m.s.DefaultHandlerExceptionResolver : Resolved [org.springframework.web.multipart.MaxUploadSizeExceededException: Maximum upload size exceeded]
2025-10-16T11:43:52.467+09:00  WARN 26088 --- [WedSnap] [http-nio-8080-exec-6] .w.s.m.s.DefaultHandlerExceptionResolver : Resolved [org.springframework.web.multipart.MaxUploadSizeExceededException: Maximum upload size exceeded]
2025-10-16T11:44:04.819+09:00  INFO 26088 --- [WedSnap] [http-nio-8080-exec-8] m.a.w.controller.UploadRestController    : Upload request received: eventId=test, uploader=유은호, files=5
2025-10-16T11:44:04.825+09:00 ERROR 26088 --- [WedSnap] [http-nio-8080-exec-8] o.a.c.c.C.[.[.[/].[dispatcherServlet]    : Servlet.service() for servlet [dispatcherServlet] in context with path [] threw exception [Request processing failed: java.lang.IllegalArgumentException: 허용되지 않은 파일 형식입니다] with root cause

java.lang.IllegalArgumentException: 허용되지 않은 파일 형식입니다
	at me.agfe.wedsnap.service.UploadService.validateFiles(UploadService.java:77) ~[main/:na]
	at me.agfe.wedsnap.service.UploadService.processUpload(UploadService.java:27) ~[main/:na]
	at me.agfe.wedsnap.controller.UploadRestController.upload(UploadRestController.java:51) ~[main/:na]
	at java.base/jdk.internal.reflect.NativeMethodAccessorImpl.invoke0(Native Method) ~[na:na]
	at java.base/jdk.internal.reflect.NativeMethodAccessorImpl.invoke(NativeMethodAccessorImpl.java:77) ~[na:na]
	at java.base/jdk.internal.reflect.DelegatingMethodAccessorImpl.invoke(DelegatingMethodAccessorImpl.java:43) ~[na:na]
	at java.base/java.lang.reflect.Method.invoke(Method.java:569) ~[na:na]
	at org.springframework.aop.support.AopUtils.invokeJoinpointUsingReflection(AopUtils.java:360) ~[spring-aop-6.2.11.jar:6.2.11]
	at org.springframework.aop.framework.ReflectiveMethodInvocation.invokeJoinpoint(ReflectiveMethodInvocation.java:196) ~[spring-aop-6.2.11.jar:6.2.11]
	at org.springframework.aop.framework.ReflectiveMethodInvocation.proceed(ReflectiveMethodInvocation.java:163) ~[spring-aop-6.2.11.jar:6.2.11]
	at org.springframework.validation.beanvalidation.MethodValidationInterceptor.invoke(MethodValidationInterceptor.java:174) ~[spring-context-6.2.11.jar:6.2.11]
	at org.springframework.aop.framework.ReflectiveMethodInvocation.proceed(ReflectiveMethodInvocation.java:184) ~[spring-aop-6.2.11.jar:6.2.11]
	at org.springframework.aop.framework.CglibAopProxy$DynamicAdvisedInterceptor.intercept(CglibAopProxy.java:728) ~[spring-aop-6.2.11.jar:6.2.11]
	at me.agfe.wedsnap.controller.UploadRestController$$SpringCGLIB$$0.upload(<generated>) ~[main/:na]
	at java.base/jdk.internal.reflect.NativeMethodAccessorImpl.invoke0(Native Method) ~[na:na]
	at java.base/jdk.internal.reflect.NativeMethodAccessorImpl.invoke(NativeMethodAccessorImpl.java:77) ~[na:na]
	at java.base/jdk.internal.reflect.DelegatingMethodAccessorImpl.invoke(DelegatingMethodAccessorImpl.java:43) ~[na:na]
	at java.base/java.lang.reflect.Method.invoke(Method.java:569) ~[na:na]
	at org.springframework.web.method.support.InvocableHandlerMethod.doInvoke(InvocableHandlerMethod.java:258) ~[spring-web-6.2.11.jar:6.2.11]
	at org.springframework.web.method.support.InvocableHandlerMethod.invokeForRequest(InvocableHandlerMethod.java:191) ~[spring-web-6.2.11.jar:6.2.11]
	at org.springframework.web.servlet.mvc.method.annotation.ServletInvocableHandlerMethod.invokeAndHandle(ServletInvocableHandlerMethod.java:118) ~[spring-webmvc-6.2.11.jar:6.2.11]
	at org.springframework.web.servlet.mvc.method.annotation.RequestMappingHandlerAdapter.invokeHandlerMethod(RequestMappingHandlerAdapter.java:991) ~[spring-webmvc-6.2.11.jar:6.2.11]
	at org.springframework.web.servlet.mvc.method.annotation.RequestMappingHandlerAdapter.handleInternal(RequestMappingHandlerAdapter.java:896) ~[spring-webmvc-6.2.11.jar:6.2.11]
	at org.springframework.web.servlet.mvc.method.AbstractHandlerMethodAdapter.handle(AbstractHandlerMethodAdapter.java:87) ~[spring-webmvc-6.2.11.jar:6.2.11]
	at org.springframework.web.servlet.DispatcherServlet.doDispatch(DispatcherServlet.java:1089) ~[spring-webmvc-6.2.11.jar:6.2.11]
	at org.springframework.web.servlet.DispatcherServlet.doService(DispatcherServlet.java:979) ~[spring-webmvc-6.2.11.jar:6.2.11]
	at org.springframework.web.servlet.FrameworkServlet.processRequest(FrameworkServlet.java:1014) ~[spring-webmvc-6.2.11.jar:6.2.11]
	at org.springframework.web.servlet.FrameworkServlet.doPost(FrameworkServlet.java:914) ~[spring-webmvc-6.2.11.jar:6.2.11]
	at jakarta.servlet.http.HttpServlet.service(HttpServlet.java:590) ~[tomcat-embed-core-10.1.46.jar:6.0]
	at org.springframework.web.servlet.FrameworkServlet.service(FrameworkServlet.java:885) ~[spring-webmvc-6.2.11.jar:6.2.11]
	at jakarta.servlet.http.HttpServlet.service(HttpServlet.java:658) ~[tomcat-embed-core-10.1.46.jar:6.0]
	at org.apache.catalina.core.ApplicationFilterChain.internalDoFilter(ApplicationFilterChain.java:195) ~[tomcat-embed-core-10.1.46.jar:10.1.46]
	at org.apache.catalina.core.ApplicationFilterChain.doFilter(ApplicationFilterChain.java:140) ~[tomcat-embed-core-10.1.46.jar:10.1.46]
	at org.apache.tomcat.websocket.server.WsFilter.doFilter(WsFilter.java:51) ~[tomcat-embed-websocket-10.1.46.jar:10.1.46]
	at org.apache.catalina.core.ApplicationFilterChain.internalDoFilter(ApplicationFilterChain.java:164) ~[tomcat-embed-core-10.1.46.jar:10.1.46]
	at org.apache.catalina.core.ApplicationFilterChain.doFilter(ApplicationFilterChain.java:140) ~[tomcat-embed-core-10.1.46.jar:10.1.46]
	at org.springframework.web.filter.RequestContextFilter.doFilterInternal(RequestContextFilter.java:100) ~[spring-web-6.2.11.jar:6.2.11]
	at org.springframework.web.filter.OncePerRequestFilter.doFilter(OncePerRequestFilter.java:116) ~[spring-web-6.2.11.jar:6.2.11]
	at org.apache.catalina.core.ApplicationFilterChain.internalDoFilter(ApplicationFilterChain.java:164) ~[tomcat-embed-core-10.1.46.jar:10.1.46]
	at org.apache.catalina.core.ApplicationFilterChain.doFilter(ApplicationFilterChain.java:140) ~[tomcat-embed-core-10.1.46.jar:10.1.46]
	at org.springframework.web.filter.FormContentFilter.doFilterInternal(FormContentFilter.java:93) ~[spring-web-6.2.11.jar:6.2.11]
	at org.springframework.web.filter.OncePerRequestFilter.doFilter(OncePerRequestFilter.java:116) ~[spring-web-6.2.11.jar:6.2.11]
	at org.apache.catalina.core.ApplicationFilterChain.internalDoFilter(ApplicationFilterChain.java:164) ~[tomcat-embed-core-10.1.46.jar:10.1.46]
	at org.apache.catalina.core.ApplicationFilterChain.doFilter(ApplicationFilterChain.java:140) ~[tomcat-embed-core-10.1.46.jar:10.1.46]
	at org.springframework.web.filter.ServerHttpObservationFilter.doFilterInternal(ServerHttpObservationFilter.java:110) ~[spring-web-6.2.11.jar:6.2.11]
	at org.springframework.web.filter.OncePerRequestFilter.doFilter(OncePerRequestFilter.java:116) ~[spring-web-6.2.11.jar:6.2.11]
	at org.apache.catalina.core.ApplicationFilterChain.internalDoFilter(ApplicationFilterChain.java:164) ~[tomcat-embed-core-10.1.46.jar:10.1.46]
	at org.apache.catalina.core.ApplicationFilterChain.doFilter(ApplicationFilterChain.java:140) ~[tomcat-embed-core-10.1.46.jar:10.1.46]
	at org.springframework.web.filter.CharacterEncodingFilter.doFilterInternal(CharacterEncodingFilter.java:201) ~[spring-web-6.2.11.jar:6.2.11]
	at org.springframework.web.filter.OncePerRequestFilter.doFilter(OncePerRequestFilter.java:116) ~[spring-web-6.2.11.jar:6.2.11]
	at org.apache.catalina.core.ApplicationFilterChain.internalDoFilter(ApplicationFilterChain.java:164) ~[tomcat-embed-core-10.1.46.jar:10.1.46]
	at org.apache.catalina.core.ApplicationFilterChain.doFilter(ApplicationFilterChain.java:140) ~[tomcat-embed-core-10.1.46.jar:10.1.46]
	at org.apache.catalina.core.StandardWrapperValve.invoke(StandardWrapperValve.java:167) ~[tomcat-embed-core-10.1.46.jar:10.1.46]
	at org.apache.catalina.core.StandardContextValve.invoke(StandardContextValve.java:90) ~[tomcat-embed-core-10.1.46.jar:10.1.46]
	at org.apache.catalina.authenticator.AuthenticatorBase.invoke(AuthenticatorBase.java:483) ~[tomcat-embed-core-10.1.46.jar:10.1.46]
	at org.apache.catalina.core.StandardHostValve.invoke(StandardHostValve.java:116) ~[tomcat-embed-core-10.1.46.jar:10.1.46]
	at org.apache.catalina.valves.ErrorReportValve.invoke(ErrorReportValve.java:93) ~[tomcat-embed-core-10.1.46.jar:10.1.46]
	at org.apache.catalina.core.StandardEngineValve.invoke(StandardEngineValve.java:74) ~[tomcat-embed-core-10.1.46.jar:10.1.46]
	at org.apache.catalina.connector.CoyoteAdapter.service(CoyoteAdapter.java:344) ~[tomcat-embed-core-10.1.46.jar:10.1.46]
	at org.apache.coyote.http11.Http11Processor.service(Http11Processor.java:398) ~[tomcat-embed-core-10.1.46.jar:10.1.46]
	at org.apache.coyote.AbstractProcessorLight.process(AbstractProcessorLight.java:63) ~[tomcat-embed-core-10.1.46.jar:10.1.46]
	at org.apache.coyote.AbstractProtocol$ConnectionHandler.process(AbstractProtocol.java:903) ~[tomcat-embed-core-10.1.46.jar:10.1.46]
	at org.apache.tomcat.util.net.NioEndpoint$SocketProcessor.doRun(NioEndpoint.java:1776) ~[tomcat-embed-core-10.1.46.jar:10.1.46]
	at org.apache.tomcat.util.net.SocketProcessorBase.run(SocketProcessorBase.java:52) ~[tomcat-embed-core-10.1.46.jar:10.1.46]
	at org.apache.tomcat.util.threads.ThreadPoolExecutor.runWorker(ThreadPoolExecutor.java:975) ~[tomcat-embed-core-10.1.46.jar:10.1.46]
	at org.apache.tomcat.util.threads.ThreadPoolExecutor$Worker.run(ThreadPoolExecutor.java:493) ~[tomcat-embed-core-10.1.46.jar:10.1.46]
	at org.apache.tomcat.util.threads.TaskThread$WrappingRunnable.run(TaskThread.java:63) ~[tomcat-embed-core-10.1.46.jar:10.1.46]
	at java.base/java.lang.Thread.run(Thread.java:840) ~[na:na]

2025-10-16T11:47:45.369+09:00  WARN 26088 --- [WedSnap] [http-nio-8080-exec-9] .w.s.m.s.DefaultHandlerExceptionResolver : Resolved [org.springframework.web.multipart.MaxUploadSizeExceededException: Maximum upload size exceeded]
2025-10-16T11:47:45.370+09:00  WARN 26088 --- [WedSnap] [http-nio-8080-exec-9] .w.s.m.s.DefaultHandlerExceptionResolver : Resolved [org.springframework.web.multipart.MaxUploadSizeExceededException: Maximum upload size exceeded]
2025-10-16T11:48:15.055+09:00  INFO 28616 --- [WedSnap] [main] me.agfe.wedsnap.WedSnapApplication       : Starting WedSnapApplication using Java 17.0.13 with PID 28616 (C:\Users\maple\Documents\WedSnap\build\classes\java\main started by maple in C:\Users\maple\Documents\WedSnap)
2025-10-16T11:48:15.058+09:00 DEBUG 28616 --- [WedSnap] [main] me.agfe.wedsnap.WedSnapApplication       : Running with Spring Boot v3.5.6, Spring v6.2.11
2025-10-16T11:48:15.058+09:00  INFO 28616 --- [WedSnap] [main] me.agfe.wedsnap.WedSnapApplication       : The following 1 profile is active: "local"
2025-10-16T11:48:16.129+09:00  INFO 28616 --- [WedSnap] [main] o.s.b.w.embedded.tomcat.TomcatWebServer  : Tomcat initialized with port 8080 (http)
2025-10-16T11:48:16.143+09:00  INFO 28616 --- [WedSnap] [main] o.apache.catalina.core.StandardService   : Starting service [Tomcat]
2025-10-16T11:48:16.143+09:00  INFO 28616 --- [WedSnap] [main] o.apache.catalina.core.StandardEngine    : Starting Servlet engine: [Apache Tomcat/10.1.46]
2025-10-16T11:48:16.192+09:00  INFO 28616 --- [WedSnap] [main] o.a.c.c.C.[Tomcat].[localhost].[/]       : Initializing Spring embedded WebApplicationContext
2025-10-16T11:48:16.192+09:00  INFO 28616 --- [WedSnap] [main] w.s.c.ServletWebServerApplicationContext : Root WebApplicationContext: initialization completed in 1098 ms
2025-10-16T11:48:16.905+09:00  INFO 28616 --- [WedSnap] [main] o.s.b.a.e.web.EndpointLinksResolver      : Exposing 1 endpoint beneath base path '/actuator'
2025-10-16T11:48:16.985+09:00  INFO 28616 --- [WedSnap] [main] o.s.b.w.embedded.tomcat.TomcatWebServer  : Tomcat started on port 8080 (http) with context path '/'
2025-10-16T11:48:16.998+09:00  INFO 28616 --- [WedSnap] [main] me.agfe.wedsnap.WedSnapApplication       : Started WedSnapApplication in 2.377 seconds (process running for 2.656)
2025-10-16T11:48:21.941+09:00  INFO 28616 --- [WedSnap] [http-nio-8080-exec-1] o.a.c.c.C.[Tomcat].[localhost].[/]       : Initializing Spring DispatcherServlet 'dispatcherServlet'
2025-10-16T11:48:21.941+09:00  INFO 28616 --- [WedSnap] [http-nio-8080-exec-1] o.s.web.servlet.DispatcherServlet        : Initializing Servlet 'dispatcherServlet'
2025-10-16T11:48:21.943+09:00  INFO 28616 --- [WedSnap] [http-nio-8080-exec-1] o.s.web.servlet.DispatcherServlet        : Completed initialization in 2 ms
2025-10-16T11:48:22.149+09:00  INFO 28616 --- [WedSnap] [http-nio-8080-exec-1] m.a.w.controller.UploadRestController    : Upload request received: eventId=test, uploader=유은호, files=5
2025-10-16T11:48:22.163+09:00  INFO 28616 --- [WedSnap] [http-nio-8080-exec-1] m.a.wedsnap.repository.UploadRepository  : [local] File saved: 스크린샷 2025-07-21 174720.png -> C:\temp\wedsnap\event-test\유은호\60c01244-e602-41ad-9136-75c2eb45c339.png
2025-10-16T11:48:22.178+09:00  INFO 28616 --- [WedSnap] [http-nio-8080-exec-1] m.a.wedsnap.repository.UploadRepository  : [local] File saved: 스크린샷 2025-07-21 183236.png -> C:\temp\wedsnap\event-test\유은호\c206cff7-841b-458c-90ab-8865b80ca119.png
2025-10-16T11:48:22.189+09:00  INFO 28616 --- [WedSnap] [http-nio-8080-exec-1] m.a.wedsnap.repository.UploadRepository  : [local] File saved: 스크린샷 2025-07-21 191321.png -> C:\temp\wedsnap\event-test\유은호\10d2d03c-c69e-43da-959f-279cad4e47af.png
2025-10-16T11:48:22.198+09:00  INFO 28616 --- [WedSnap] [http-nio-8080-exec-1] m.a.wedsnap.repository.UploadRepository  : [local] File saved: 스크린샷 2025-07-21 192636.png -> C:\temp\wedsnap\event-test\유은호\743e72ce-1c61-47cb-8309-d8c5144f57c1.png
2025-10-16T11:48:22.230+09:00  INFO 28616 --- [WedSnap] [http-nio-8080-exec-1] m.a.wedsnap.repository.UploadRepository  : [local] File saved: Konachan.com - 394548 3_iq_tuna arknights bed black_eyes black_hair breasts censored halo instrument long_hair navel nipples nude pubic_hair pussy wings.jpg -> C:\temp\wedsnap\event-test\유은호\d87120c8-15a0-4b2b-be59-2b85bba9720d.jpg
2025-10-16T12:08:23.609+09:00  INFO 28284 --- [WedSnap] [main] me.agfe.wedsnap.WedSnapApplication       : Starting WedSnapApplication using Java 17.0.13 with PID 28284 (C:\Users\maple\Documents\WedSnap\build\classes\java\main started by maple in C:\Users\maple\Documents\WedSnap)
2025-10-16T12:08:23.611+09:00 DEBUG 28284 --- [WedSnap] [main] me.agfe.wedsnap.WedSnapApplication       : Running with Spring Boot v3.5.6, Spring v6.2.11
2025-10-16T12:08:23.611+09:00  INFO 28284 --- [WedSnap] [main] me.agfe.wedsnap.WedSnapApplication       : The following 1 profile is active: "local"
2025-10-16T12:08:24.680+09:00  INFO 28284 --- [WedSnap] [main] o.s.b.w.embedded.tomcat.TomcatWebServer  : Tomcat initialized with port 8080 (http)
2025-10-16T12:08:24.694+09:00  INFO 28284 --- [WedSnap] [main] o.apache.catalina.core.StandardService   : Starting service [Tomcat]
2025-10-16T12:08:24.694+09:00  INFO 28284 --- [WedSnap] [main] o.apache.catalina.core.StandardEngine    : Starting Servlet engine: [Apache Tomcat/10.1.46]
2025-10-16T12:08:24.742+09:00  INFO 28284 --- [WedSnap] [main] o.a.c.c.C.[Tomcat].[localhost].[/]       : Initializing Spring embedded WebApplicationContext
2025-10-16T12:08:24.742+09:00  INFO 28284 --- [WedSnap] [main] w.s.c.ServletWebServerApplicationContext : Root WebApplicationContext: initialization completed in 1102 ms
2025-10-16T12:08:25.540+09:00  INFO 28284 --- [WedSnap] [main] o.s.b.a.e.web.EndpointLinksResolver      : Exposing 1 endpoint beneath base path '/actuator'
2025-10-16T12:08:25.602+09:00  INFO 28284 --- [WedSnap] [main] o.s.b.w.embedded.tomcat.TomcatWebServer  : Tomcat started on port 8080 (http) with context path '/'
2025-10-16T12:08:25.612+09:00  INFO 28284 --- [WedSnap] [main] me.agfe.wedsnap.WedSnapApplication       : Started WedSnapApplication in 2.415 seconds (process running for 2.688)
2025-10-16T12:08:38.142+09:00  INFO 28284 --- [WedSnap] [http-nio-8080-exec-1] o.a.c.c.C.[Tomcat].[localhost].[/]       : Initializing Spring DispatcherServlet 'dispatcherServlet'
2025-10-16T12:08:38.144+09:00  INFO 28284 --- [WedSnap] [http-nio-8080-exec-1] o.s.web.servlet.DispatcherServlet        : Initializing Servlet 'dispatcherServlet'
2025-10-16T12:08:38.144+09:00  INFO 28284 --- [WedSnap] [http-nio-8080-exec-1] o.s.web.servlet.DispatcherServlet        : Completed initialization in 0 ms
2025-10-16T12:08:38.280+09:00 ERROR 28284 --- [WedSnap] [http-nio-8080-exec-1] o.a.c.c.C.[.[.[/].[dispatcherServlet]    : Servlet.service() for servlet [dispatcherServlet] in context with path [] threw exception [Request processing failed: jakarta.validation.ConstraintViolationException: upload.uploaderName: 공백일 수 없습니다, upload.uploaderName: 이름에는 특수문자나 공백을 포함할 수 없습니다.] with root cause

jakarta.validation.ConstraintViolationException: upload.uploaderName: 공백일 수 없습니다, upload.uploaderName: 이름에는 특수문자나 공백을 포함할 수 없습니다.
	at org.springframework.validation.beanvalidation.MethodValidationInterceptor.invoke(MethodValidationInterceptor.java:170) ~[spring-context-6.2.11.jar:6.2.11]
	at org.springframework.aop.framework.ReflectiveMethodInvocation.proceed(ReflectiveMethodInvocation.java:184) ~[spring-aop-6.2.11.jar:6.2.11]
	at org.springframework.aop.framework.CglibAopProxy$DynamicAdvisedInterceptor.intercept(CglibAopProxy.java:728) ~[spring-aop-6.2.11.jar:6.2.11]
	at me.agfe.wedsnap.controller.UploadRestController$$SpringCGLIB$$0.upload(<generated>) ~[main/:na]
	at java.base/jdk.internal.reflect.NativeMethodAccessorImpl.invoke0(Native Method) ~[na:na]
	at java.base/jdk.internal.reflect.NativeMethodAccessorImpl.invoke(NativeMethodAccessorImpl.java:77) ~[na:na]
	at java.base/jdk.internal.reflect.DelegatingMethodAccessorImpl.invoke(DelegatingMethodAccessorImpl.java:43) ~[na:na]
	at java.base/java.lang.reflect.Method.invoke(Method.java:569) ~[na:na]
	at org.springframework.web.method.support.InvocableHandlerMethod.doInvoke(InvocableHandlerMethod.java:258) ~[spring-web-6.2.11.jar:6.2.11]
	at org.springframework.web.method.support.InvocableHandlerMethod.invokeForRequest(InvocableHandlerMethod.java:191) ~[spring-web-6.2.11.jar:6.2.11]
	at org.springframework.web.servlet.mvc.method.annotation.ServletInvocableHandlerMethod.invokeAndHandle(ServletInvocableHandlerMethod.java:118) ~[spring-webmvc-6.2.11.jar:6.2.11]
	at org.springframework.web.servlet.mvc.method.annotation.RequestMappingHandlerAdapter.invokeHandlerMethod(RequestMappingHandlerAdapter.java:991) ~[spring-webmvc-6.2.11.jar:6.2.11]
	at org.springframework.web.servlet.mvc.method.annotation.RequestMappingHandlerAdapter.handleInternal(RequestMappingHandlerAdapter.java:896) ~[spring-webmvc-6.2.11.jar:6.2.11]
	at org.springframework.web.servlet.mvc.method.AbstractHandlerMethodAdapter.handle(AbstractHandlerMethodAdapter.java:87) ~[spring-webmvc-6.2.11.jar:6.2.11]
	at org.springframework.web.servlet.DispatcherServlet.doDispatch(DispatcherServlet.java:1089) ~[spring-webmvc-6.2.11.jar:6.2.11]
	at org.springframework.web.servlet.DispatcherServlet.doService(DispatcherServlet.java:979) ~[spring-webmvc-6.2.11.jar:6.2.11]
	at org.springframework.web.servlet.FrameworkServlet.processRequest(FrameworkServlet.java:1014) ~[spring-webmvc-6.2.11.jar:6.2.11]
	at org.springframework.web.servlet.FrameworkServlet.doPost(FrameworkServlet.java:914) ~[spring-webmvc-6.2.11.jar:6.2.11]
	at jakarta.servlet.http.HttpServlet.service(HttpServlet.java:590) ~[tomcat-embed-core-10.1.46.jar:6.0]
	at org.springframework.web.servlet.FrameworkServlet.service(FrameworkServlet.java:885) ~[spring-webmvc-6.2.11.jar:6.2.11]
	at jakarta.servlet.http.HttpServlet.service(HttpServlet.java:658) ~[tomcat-embed-core-10.1.46.jar:6.0]
	at org.apache.catalina.core.ApplicationFilterChain.internalDoFilter(ApplicationFilterChain.java:195) ~[tomcat-embed-core-10.1.46.jar:10.1.46]
	at org.apache.catalina.core.ApplicationFilterChain.doFilter(ApplicationFilterChain.java:140) ~[tomcat-embed-core-10.1.46.jar:10.1.46]
	at org.apache.tomcat.websocket.server.WsFilter.doFilter(WsFilter.java:51) ~[tomcat-embed-websocket-10.1.46.jar:10.1.46]
	at org.apache.catalina.core.ApplicationFilterChain.internalDoFilter(ApplicationFilterChain.java:164) ~[tomcat-embed-core-10.1.46.jar:10.1.46]
	at org.apache.catalina.core.ApplicationFilterChain.doFilter(ApplicationFilterChain.java:140) ~[tomcat-embed-core-10.1.46.jar:10.1.46]
	at org.springframework.web.filter.RequestContextFilter.doFilterInternal(RequestContextFilter.java:100) ~[spring-web-6.2.11.jar:6.2.11]
	at org.springframework.web.filter.OncePerRequestFilter.doFilter(OncePerRequestFilter.java:116) ~[spring-web-6.2.11.jar:6.2.11]
	at org.apache.catalina.core.ApplicationFilterChain.internalDoFilter(ApplicationFilterChain.java:164) ~[tomcat-embed-core-10.1.46.jar:10.1.46]
	at org.apache.catalina.core.ApplicationFilterChain.doFilter(ApplicationFilterChain.java:140) ~[tomcat-embed-core-10.1.46.jar:10.1.46]
	at org.springframework.web.filter.FormContentFilter.doFilterInternal(FormContentFilter.java:93) ~[spring-web-6.2.11.jar:6.2.11]
	at org.springframework.web.filter.OncePerRequestFilter.doFilter(OncePerRequestFilter.java:116) ~[spring-web-6.2.11.jar:6.2.11]
	at org.apache.catalina.core.ApplicationFilterChain.internalDoFilter(ApplicationFilterChain.java:164) ~[tomcat-embed-core-10.1.46.jar:10.1.46]
	at org.apache.catalina.core.ApplicationFilterChain.doFilter(ApplicationFilterChain.java:140) ~[tomcat-embed-core-10.1.46.jar:10.1.46]
	at org.springframework.web.filter.ServerHttpObservationFilter.doFilterInternal(ServerHttpObservationFilter.java:110) ~[spring-web-6.2.11.jar:6.2.11]
	at org.springframework.web.filter.OncePerRequestFilter.doFilter(OncePerRequestFilter.java:116) ~[spring-web-6.2.11.jar:6.2.11]
	at org.apache.catalina.core.ApplicationFilterChain.internalDoFilter(ApplicationFilterChain.java:164) ~[tomcat-embed-core-10.1.46.jar:10.1.46]
	at org.apache.catalina.core.ApplicationFilterChain.doFilter(ApplicationFilterChain.java:140) ~[tomcat-embed-core-10.1.46.jar:10.1.46]
	at org.springframework.web.filter.CharacterEncodingFilter.doFilterInternal(CharacterEncodingFilter.java:201) ~[spring-web-6.2.11.jar:6.2.11]
	at org.springframework.web.filter.OncePerRequestFilter.doFilter(OncePerRequestFilter.java:116) ~[spring-web-6.2.11.jar:6.2.11]
	at org.apache.catalina.core.ApplicationFilterChain.internalDoFilter(ApplicationFilterChain.java:164) ~[tomcat-embed-core-10.1.46.jar:10.1.46]
	at org.apache.catalina.core.ApplicationFilterChain.doFilter(ApplicationFilterChain.java:140) ~[tomcat-embed-core-10.1.46.jar:10.1.46]
	at org.apache.catalina.core.StandardWrapperValve.invoke(StandardWrapperValve.java:167) ~[tomcat-embed-core-10.1.46.jar:10.1.46]
	at org.apache.catalina.core.StandardContextValve.invoke(StandardContextValve.java:90) ~[tomcat-embed-core-10.1.46.jar:10.1.46]
	at org.apache.catalina.authenticator.AuthenticatorBase.invoke(AuthenticatorBase.java:483) ~[tomcat-embed-core-10.1.46.jar:10.1.46]
	at org.apache.catalina.core.StandardHostValve.invoke(StandardHostValve.java:116) ~[tomcat-embed-core-10.1.46.jar:10.1.46]
	at org.apache.catalina.valves.ErrorReportValve.invoke(ErrorReportValve.java:93) ~[tomcat-embed-core-10.1.46.jar:10.1.46]
	at org.apache.catalina.core.StandardEngineValve.invoke(StandardEngineValve.java:74) ~[tomcat-embed-core-10.1.46.jar:10.1.46]
	at org.apache.catalina.connector.CoyoteAdapter.service(CoyoteAdapter.java:344) ~[tomcat-embed-core-10.1.46.jar:10.1.46]
	at org.apache.coyote.http11.Http11Processor.service(Http11Processor.java:398) ~[tomcat-embed-core-10.1.46.jar:10.1.46]
	at org.apache.coyote.AbstractProcessorLight.process(AbstractProcessorLight.java:63) ~[tomcat-embed-core-10.1.46.jar:10.1.46]
	at org.apache.coyote.AbstractProtocol$ConnectionHandler.process(AbstractProtocol.java:903) ~[tomcat-embed-core-10.1.46.jar:10.1.46]
	at org.apache.tomcat.util.net.NioEndpoint$SocketProcessor.doRun(NioEndpoint.java:1776) ~[tomcat-embed-core-10.1.46.jar:10.1.46]
	at org.apache.tomcat.util.net.SocketProcessorBase.run(SocketProcessorBase.java:52) ~[tomcat-embed-core-10.1.46.jar:10.1.46]
	at org.apache.tomcat.util.threads.ThreadPoolExecutor.runWorker(ThreadPoolExecutor.java:975) ~[tomcat-embed-core-10.1.46.jar:10.1.46]
	at org.apache.tomcat.util.threads.ThreadPoolExecutor$Worker.run(ThreadPoolExecutor.java:493) ~[tomcat-embed-core-10.1.46.jar:10.1.46]
	at org.apache.tomcat.util.threads.TaskThread$WrappingRunnable.run(TaskThread.java:63) ~[tomcat-embed-core-10.1.46.jar:10.1.46]
	at java.base/java.lang.Thread.run(Thread.java:840) ~[na:na]

2025-10-16T12:08:52.651+09:00 ERROR 28284 --- [WedSnap] [http-nio-8080-exec-3] o.a.c.c.C.[.[.[/].[dispatcherServlet]    : Servlet.service() for servlet [dispatcherServlet] in context with path [] threw exception [Request processing failed: jakarta.validation.ConstraintViolationException: upload.uploaderName: 부적절한 단어가 포함되어 있습니다.] with root cause

jakarta.validation.ConstraintViolationException: upload.uploaderName: 부적절한 단어가 포함되어 있습니다.
	at org.springframework.validation.beanvalidation.MethodValidationInterceptor.invoke(MethodValidationInterceptor.java:170) ~[spring-context-6.2.11.jar:6.2.11]
	at org.springframework.aop.framework.ReflectiveMethodInvocation.proceed(ReflectiveMethodInvocation.java:184) ~[spring-aop-6.2.11.jar:6.2.11]
	at org.springframework.aop.framework.CglibAopProxy$DynamicAdvisedInterceptor.intercept(CglibAopProxy.java:728) ~[spring-aop-6.2.11.jar:6.2.11]
	at me.agfe.wedsnap.controller.UploadRestController$$SpringCGLIB$$0.upload(<generated>) ~[main/:na]
	at java.base/jdk.internal.reflect.NativeMethodAccessorImpl.invoke0(Native Method) ~[na:na]
	at java.base/jdk.internal.reflect.NativeMethodAccessorImpl.invoke(NativeMethodAccessorImpl.java:77) ~[na:na]
	at java.base/jdk.internal.reflect.DelegatingMethodAccessorImpl.invoke(DelegatingMethodAccessorImpl.java:43) ~[na:na]
	at java.base/java.lang.reflect.Method.invoke(Method.java:569) ~[na:na]
	at org.springframework.web.method.support.InvocableHandlerMethod.doInvoke(InvocableHandlerMethod.java:258) ~[spring-web-6.2.11.jar:6.2.11]
	at org.springframework.web.method.support.InvocableHandlerMethod.invokeForRequest(InvocableHandlerMethod.java:191) ~[spring-web-6.2.11.jar:6.2.11]
	at org.springframework.web.servlet.mvc.method.annotation.ServletInvocableHandlerMethod.invokeAndHandle(ServletInvocableHandlerMethod.java:118) ~[spring-webmvc-6.2.11.jar:6.2.11]
	at org.springframework.web.servlet.mvc.method.annotation.RequestMappingHandlerAdapter.invokeHandlerMethod(RequestMappingHandlerAdapter.java:991) ~[spring-webmvc-6.2.11.jar:6.2.11]
	at org.springframework.web.servlet.mvc.method.annotation.RequestMappingHandlerAdapter.handleInternal(RequestMappingHandlerAdapter.java:896) ~[spring-webmvc-6.2.11.jar:6.2.11]
	at org.springframework.web.servlet.mvc.method.AbstractHandlerMethodAdapter.handle(AbstractHandlerMethodAdapter.java:87) ~[spring-webmvc-6.2.11.jar:6.2.11]
	at org.springframework.web.servlet.DispatcherServlet.doDispatch(DispatcherServlet.java:1089) ~[spring-webmvc-6.2.11.jar:6.2.11]
	at org.springframework.web.servlet.DispatcherServlet.doService(DispatcherServlet.java:979) ~[spring-webmvc-6.2.11.jar:6.2.11]
	at org.springframework.web.servlet.FrameworkServlet.processRequest(FrameworkServlet.java:1014) ~[spring-webmvc-6.2.11.jar:6.2.11]
	at org.springframework.web.servlet.FrameworkServlet.doPost(FrameworkServlet.java:914) ~[spring-webmvc-6.2.11.jar:6.2.11]
	at jakarta.servlet.http.HttpServlet.service(HttpServlet.java:590) ~[tomcat-embed-core-10.1.46.jar:6.0]
	at org.springframework.web.servlet.FrameworkServlet.service(FrameworkServlet.java:885) ~[spring-webmvc-6.2.11.jar:6.2.11]
	at jakarta.servlet.http.HttpServlet.service(HttpServlet.java:658) ~[tomcat-embed-core-10.1.46.jar:6.0]
	at org.apache.catalina.core.ApplicationFilterChain.internalDoFilter(ApplicationFilterChain.java:195) ~[tomcat-embed-core-10.1.46.jar:10.1.46]
	at org.apache.catalina.core.ApplicationFilterChain.doFilter(ApplicationFilterChain.java:140) ~[tomcat-embed-core-10.1.46.jar:10.1.46]
	at org.apache.tomcat.websocket.server.WsFilter.doFilter(WsFilter.java:51) ~[tomcat-embed-websocket-10.1.46.jar:10.1.46]
	at org.apache.catalina.core.ApplicationFilterChain.internalDoFilter(ApplicationFilterChain.java:164) ~[tomcat-embed-core-10.1.46.jar:10.1.46]
	at org.apache.catalina.core.ApplicationFilterChain.doFilter(ApplicationFilterChain.java:140) ~[tomcat-embed-core-10.1.46.jar:10.1.46]
	at org.springframework.web.filter.RequestContextFilter.doFilterInternal(RequestContextFilter.java:100) ~[spring-web-6.2.11.jar:6.2.11]
	at org.springframework.web.filter.OncePerRequestFilter.doFilter(OncePerRequestFilter.java:116) ~[spring-web-6.2.11.jar:6.2.11]
	at org.apache.catalina.core.ApplicationFilterChain.internalDoFilter(ApplicationFilterChain.java:164) ~[tomcat-embed-core-10.1.46.jar:10.1.46]
	at org.apache.catalina.core.ApplicationFilterChain.doFilter(ApplicationFilterChain.java:140) ~[tomcat-embed-core-10.1.46.jar:10.1.46]
	at org.springframework.web.filter.FormContentFilter.doFilterInternal(FormContentFilter.java:93) ~[spring-web-6.2.11.jar:6.2.11]
	at org.springframework.web.filter.OncePerRequestFilter.doFilter(OncePerRequestFilter.java:116) ~[spring-web-6.2.11.jar:6.2.11]
	at org.apache.catalina.core.ApplicationFilterChain.internalDoFilter(ApplicationFilterChain.java:164) ~[tomcat-embed-core-10.1.46.jar:10.1.46]
	at org.apache.catalina.core.ApplicationFilterChain.doFilter(ApplicationFilterChain.java:140) ~[tomcat-embed-core-10.1.46.jar:10.1.46]
	at org.springframework.web.filter.ServerHttpObservationFilter.doFilterInternal(ServerHttpObservationFilter.java:110) ~[spring-web-6.2.11.jar:6.2.11]
	at org.springframework.web.filter.OncePerRequestFilter.doFilter(OncePerRequestFilter.java:116) ~[spring-web-6.2.11.jar:6.2.11]
	at org.apache.catalina.core.ApplicationFilterChain.internalDoFilter(ApplicationFilterChain.java:164) ~[tomcat-embed-core-10.1.46.jar:10.1.46]
	at org.apache.catalina.core.ApplicationFilterChain.doFilter(ApplicationFilterChain.java:140) ~[tomcat-embed-core-10.1.46.jar:10.1.46]
	at org.springframework.web.filter.CharacterEncodingFilter.doFilterInternal(CharacterEncodingFilter.java:201) ~[spring-web-6.2.11.jar:6.2.11]
	at org.springframework.web.filter.OncePerRequestFilter.doFilter(OncePerRequestFilter.java:116) ~[spring-web-6.2.11.jar:6.2.11]
	at org.apache.catalina.core.ApplicationFilterChain.internalDoFilter(ApplicationFilterChain.java:164) ~[tomcat-embed-core-10.1.46.jar:10.1.46]
	at org.apache.catalina.core.ApplicationFilterChain.doFilter(ApplicationFilterChain.java:140) ~[tomcat-embed-core-10.1.46.jar:10.1.46]
	at org.apache.catalina.core.StandardWrapperValve.invoke(StandardWrapperValve.java:167) ~[tomcat-embed-core-10.1.46.jar:10.1.46]
	at org.apache.catalina.core.StandardContextValve.invoke(StandardContextValve.java:90) ~[tomcat-embed-core-10.1.46.jar:10.1.46]
	at org.apache.catalina.authenticator.AuthenticatorBase.invoke(AuthenticatorBase.java:483) ~[tomcat-embed-core-10.1.46.jar:10.1.46]
	at org.apache.catalina.core.StandardHostValve.invoke(StandardHostValve.java:116) ~[tomcat-embed-core-10.1.46.jar:10.1.46]
	at org.apache.catalina.valves.ErrorReportValve.invoke(ErrorReportValve.java:93) ~[tomcat-embed-core-10.1.46.jar:10.1.46]
	at org.apache.catalina.core.StandardEngineValve.invoke(StandardEngineValve.java:74) ~[tomcat-embed-core-10.1.46.jar:10.1.46]
	at org.apache.catalina.connector.CoyoteAdapter.service(CoyoteAdapter.java:344) ~[tomcat-embed-core-10.1.46.jar:10.1.46]
	at org.apache.coyote.http11.Http11Processor.service(Http11Processor.java:398) ~[tomcat-embed-core-10.1.46.jar:10.1.46]
	at org.apache.coyote.AbstractProcessorLight.process(AbstractProcessorLight.java:63) ~[tomcat-embed-core-10.1.46.jar:10.1.46]
	at org.apache.coyote.AbstractProtocol$ConnectionHandler.process(AbstractProtocol.java:903) ~[tomcat-embed-core-10.1.46.jar:10.1.46]
	at org.apache.tomcat.util.net.NioEndpoint$SocketProcessor.doRun(NioEndpoint.java:1776) ~[tomcat-embed-core-10.1.46.jar:10.1.46]
	at org.apache.tomcat.util.net.SocketProcessorBase.run(SocketProcessorBase.java:52) ~[tomcat-embed-core-10.1.46.jar:10.1.46]
	at org.apache.tomcat.util.threads.ThreadPoolExecutor.runWorker(ThreadPoolExecutor.java:975) ~[tomcat-embed-core-10.1.46.jar:10.1.46]
	at org.apache.tomcat.util.threads.ThreadPoolExecutor$Worker.run(ThreadPoolExecutor.java:493) ~[tomcat-embed-core-10.1.46.jar:10.1.46]
	at org.apache.tomcat.util.threads.TaskThread$WrappingRunnable.run(TaskThread.java:63) ~[tomcat-embed-core-10.1.46.jar:10.1.46]
	at java.base/java.lang.Thread.run(Thread.java:840) ~[na:na]

2025-10-16T12:33:18.172+09:00  INFO 23800 --- [WedSnap] [main] me.agfe.wedsnap.WedSnapApplication       : Starting WedSnapApplication using Java 17.0.13 with PID 23800 (C:\Users\maple\Documents\WedSnap\build\classes\java\main started by maple in C:\Users\maple\Documents\WedSnap)
2025-10-16T12:33:18.174+09:00 DEBUG 23800 --- [WedSnap] [main] me.agfe.wedsnap.WedSnapApplication       : Running with Spring Boot v3.5.6, Spring v6.2.11
2025-10-16T12:33:18.175+09:00  INFO 23800 --- [WedSnap] [main] me.agfe.wedsnap.WedSnapApplication       : The following 1 profile is active: "local"
2025-10-16T12:33:19.190+09:00  INFO 23800 --- [WedSnap] [main] o.s.b.w.embedded.tomcat.TomcatWebServer  : Tomcat initialized with port 8080 (http)
2025-10-16T12:33:19.203+09:00  INFO 23800 --- [WedSnap] [main] o.apache.catalina.core.StandardService   : Starting service [Tomcat]
2025-10-16T12:33:19.203+09:00  INFO 23800 --- [WedSnap] [main] o.apache.catalina.core.StandardEngine    : Starting Servlet engine: [Apache Tomcat/10.1.46]
2025-10-16T12:33:19.251+09:00  INFO 23800 --- [WedSnap] [main] o.a.c.c.C.[Tomcat].[localhost].[/]       : Initializing Spring embedded WebApplicationContext
2025-10-16T12:33:19.251+09:00  INFO 23800 --- [WedSnap] [main] w.s.c.ServletWebServerApplicationContext : Root WebApplicationContext: initialization completed in 1047 ms
2025-10-16T12:33:19.917+09:00  INFO 23800 --- [WedSnap] [main] o.s.b.a.e.web.EndpointLinksResolver      : Exposing 1 endpoint beneath base path '/actuator'
2025-10-16T12:33:19.973+09:00  INFO 23800 --- [WedSnap] [main] o.s.b.w.embedded.tomcat.TomcatWebServer  : Tomcat started on port 8080 (http) with context path '/'
2025-10-16T12:33:19.982+09:00  INFO 23800 --- [WedSnap] [main] me.agfe.wedsnap.WedSnapApplication       : Started WedSnapApplication in 2.215 seconds (process running for 2.467)
2025-10-16T12:33:40.095+09:00  INFO 23800 --- [WedSnap] [http-nio-8080-exec-1] o.a.c.c.C.[Tomcat].[localhost].[/]       : Initializing Spring DispatcherServlet 'dispatcherServlet'
2025-10-16T12:33:40.096+09:00  INFO 23800 --- [WedSnap] [http-nio-8080-exec-1] o.s.web.servlet.DispatcherServlet        : Initializing Servlet 'dispatcherServlet'
2025-10-16T12:33:40.098+09:00  INFO 23800 --- [WedSnap] [http-nio-8080-exec-1] o.s.web.servlet.DispatcherServlet        : Completed initialization in 2 ms
2025-10-16T12:33:59.742+09:00  INFO 23800 --- [WedSnap] [http-nio-8080-exec-6] m.a.w.controller.UploadRestController    : Upload request received: eventId=test, uploader=유은호, files=4
2025-10-16T12:33:59.760+09:00  INFO 23800 --- [WedSnap] [http-nio-8080-exec-6] m.a.wedsnap.repository.UploadRepository  : [local] File saved: 스크린샷 2025-07-21 174720.png -> C:\temp\wedsnap\event-test\유은호\c38d2fe4-0f9d-464d-bfa9-23de19df9437.png
2025-10-16T12:33:59.773+09:00  INFO 23800 --- [WedSnap] [http-nio-8080-exec-6] m.a.wedsnap.repository.UploadRepository  : [local] File saved: 스크린샷 2025-07-21 183236.png -> C:\temp\wedsnap\event-test\유은호\d00f9ee4-243e-458b-a11e-b04a84c07fe1.png
2025-10-16T12:33:59.785+09:00  INFO 23800 --- [WedSnap] [http-nio-8080-exec-6] m.a.wedsnap.repository.UploadRepository  : [local] File saved: 스크린샷 2025-07-21 191321.png -> C:\temp\wedsnap\event-test\유은호\8dd7e1eb-36bc-45d0-8503-c83b918d0fe1.png
2025-10-16T12:33:59.795+09:00  INFO 23800 --- [WedSnap] [http-nio-8080-exec-6] m.a.wedsnap.repository.UploadRepository  : [local] File saved: 스크린샷 2025-07-21 192636.png -> C:\temp\wedsnap\event-test\유은호\7bbab3b0-9c7b-49e4-aef1-8e80b8d0de38.png
2025-10-16T12:34:03.523+09:00  INFO 23800 --- [WedSnap] [http-nio-8080-exec-7] m.a.w.controller.UploadRestController    : Upload request received: eventId=test, uploader=유은호, files=4
2025-10-16T12:34:03.538+09:00  INFO 23800 --- [WedSnap] [http-nio-8080-exec-7] m.a.wedsnap.repository.UploadRepository  : [local] File saved: 스크린샷 2025-07-21 174720.png -> C:\temp\wedsnap\event-test\유은호(1)\82b95069-ade2-4675-9c33-bfbec4423e18.png
2025-10-16T12:34:03.552+09:00  INFO 23800 --- [WedSnap] [http-nio-8080-exec-7] m.a.wedsnap.repository.UploadRepository  : [local] File saved: 스크린샷 2025-07-21 183236.png -> C:\temp\wedsnap\event-test\유은호(1)\e36ef91f-6499-4928-a89d-fc8bfd9479b7.png
2025-10-16T12:34:03.567+09:00  INFO 23800 --- [WedSnap] [http-nio-8080-exec-7] m.a.wedsnap.repository.UploadRepository  : [local] File saved: 스크린샷 2025-07-21 191321.png -> C:\temp\wedsnap\event-test\유은호(1)\34e7a11a-d4de-4926-8e6b-9d0e0afec386.png
2025-10-16T12:34:03.577+09:00  INFO 23800 --- [WedSnap] [http-nio-8080-exec-7] m.a.wedsnap.repository.UploadRepository  : [local] File saved: 스크린샷 2025-07-21 192636.png -> C:\temp\wedsnap\event-test\유은호(1)\fd884680-9f2c-43a6-a416-ce67908c463d.png
2025-10-16T12:34:26.586+09:00  INFO 23800 --- [WedSnap] [http-nio-8080-exec-8] m.a.w.controller.UploadRestController    : Upload request received: eventId=test, uploader=유은호, files=5
2025-10-16T12:51:44.422+09:00  INFO 27324 --- [WedSnap] [main] me.agfe.wedsnap.WedSnapApplication       : Starting WedSnapApplication using Java 17.0.13 with PID 27324 (C:\Users\maple\Documents\WedSnap\build\classes\java\main started by maple in C:\Users\maple\Documents\WedSnap)
2025-10-16T12:51:44.424+09:00 DEBUG 27324 --- [WedSnap] [main] me.agfe.wedsnap.WedSnapApplication       : Running with Spring Boot v3.5.6, Spring v6.2.11
2025-10-16T12:51:44.425+09:00  INFO 27324 --- [WedSnap] [main] me.agfe.wedsnap.WedSnapApplication       : The following 1 profile is active: "local"
2025-10-16T12:51:45.528+09:00  INFO 27324 --- [WedSnap] [main] o.s.b.w.embedded.tomcat.TomcatWebServer  : Tomcat initialized with port 8080 (http)
2025-10-16T12:51:45.537+09:00  INFO 27324 --- [WedSnap] [main] o.apache.catalina.core.StandardService   : Starting service [Tomcat]
2025-10-16T12:51:45.538+09:00  INFO 27324 --- [WedSnap] [main] o.apache.catalina.core.StandardEngine    : Starting Servlet engine: [Apache Tomcat/10.1.46]
2025-10-16T12:51:45.586+09:00  INFO 27324 --- [WedSnap] [main] o.a.c.c.C.[Tomcat].[localhost].[/]       : Initializing Spring embedded WebApplicationContext
2025-10-16T12:51:45.587+09:00  INFO 27324 --- [WedSnap] [main] w.s.c.ServletWebServerApplicationContext : Root WebApplicationContext: initialization completed in 1129 ms
2025-10-16T12:51:46.339+09:00  INFO 27324 --- [WedSnap] [main] o.s.b.a.e.web.EndpointLinksResolver      : Exposing 1 endpoint beneath base path '/actuator'
2025-10-16T12:51:46.414+09:00  INFO 27324 --- [WedSnap] [main] o.s.b.w.embedded.tomcat.TomcatWebServer  : Tomcat started on port 8080 (http) with context path '/'
2025-10-16T12:51:46.425+09:00  INFO 27324 --- [WedSnap] [main] me.agfe.wedsnap.WedSnapApplication       : Started WedSnapApplication in 2.443 seconds (process running for 2.696)
2025-10-16T12:51:53.826+09:00  INFO 27324 --- [WedSnap] [http-nio-8080-exec-2] o.a.c.c.C.[Tomcat].[localhost].[/]       : Initializing Spring DispatcherServlet 'dispatcherServlet'
2025-10-16T12:51:53.826+09:00  INFO 27324 --- [WedSnap] [http-nio-8080-exec-2] o.s.web.servlet.DispatcherServlet        : Initializing Servlet 'dispatcherServlet'
2025-10-16T12:51:53.828+09:00  INFO 27324 --- [WedSnap] [http-nio-8080-exec-2] o.s.web.servlet.DispatcherServlet        : Completed initialization in 1 ms
2025-10-16T12:51:53.952+09:00  INFO 27324 --- [WedSnap] [http-nio-8080-exec-2] m.a.w.controller.UploadRestController    : Upload request received: eventId=test, uploader=유은호, files=5
2025-10-16T12:51:53.968+09:00  INFO 27324 --- [WedSnap] [http-nio-8080-exec-2] m.a.wedsnap.repository.UploadRepository  : [local] File saved: 스크린샷 2025-07-21 174720.png -> C:\temp\wedsnap\event-test\유은호\552a2aec-4730-4580-bc35-8f893738d170.png
2025-10-16T12:51:53.980+09:00  INFO 27324 --- [WedSnap] [http-nio-8080-exec-2] m.a.wedsnap.repository.UploadRepository  : [local] File saved: 스크린샷 2025-07-21 183236.png -> C:\temp\wedsnap\event-test\유은호\ddc7da1e-5198-43ae-870d-87e528ca7f63.png
2025-10-16T12:51:53.992+09:00  INFO 27324 --- [WedSnap] [http-nio-8080-exec-2] m.a.wedsnap.repository.UploadRepository  : [local] File saved: 스크린샷 2025-07-21 191321.png -> C:\temp\wedsnap\event-test\유은호\2c3b23aa-6111-4b0d-a3cd-621b3ca26c4b.png
2025-10-16T12:51:54.002+09:00  INFO 27324 --- [WedSnap] [http-nio-8080-exec-2] m.a.wedsnap.repository.UploadRepository  : [local] File saved: 스크린샷 2025-07-21 192636.png -> C:\temp\wedsnap\event-test\유은호\6fd6ec23-0980-41fa-b880-fcb65b8b3f81.png
2025-10-16T12:51:54.003+09:00 ERROR 27324 --- [WedSnap] [http-nio-8080-exec-2] me.agfe.wedsnap.service.UploadService    : Failed to save file: 前WedSnap기획서.md → 허용되지 않은 파일 형식입니다: 前WedSnap기획서.md
2025-10-16T12:53:16.196+09:00  INFO 28800 --- [WedSnap] [main] me.agfe.wedsnap.WedSnapApplication       : Starting WedSnapApplication using Java 17.0.13 with PID 28800 (C:\Users\maple\Documents\WedSnap\build\classes\java\main started by maple in C:\Users\maple\Documents\WedSnap)
2025-10-16T12:53:16.198+09:00 DEBUG 28800 --- [WedSnap] [main] me.agfe.wedsnap.WedSnapApplication       : Running with Spring Boot v3.5.6, Spring v6.2.11
2025-10-16T12:53:16.198+09:00  INFO 28800 --- [WedSnap] [main] me.agfe.wedsnap.WedSnapApplication       : The following 1 profile is active: "local"
2025-10-16T12:53:17.261+09:00  INFO 28800 --- [WedSnap] [main] o.s.b.w.embedded.tomcat.TomcatWebServer  : Tomcat initialized with port 8080 (http)
2025-10-16T12:53:17.270+09:00  INFO 28800 --- [WedSnap] [main] o.apache.catalina.core.StandardService   : Starting service [Tomcat]
2025-10-16T12:53:17.270+09:00  INFO 28800 --- [WedSnap] [main] o.apache.catalina.core.StandardEngine    : Starting Servlet engine: [Apache Tomcat/10.1.46]
2025-10-16T12:53:17.322+09:00  INFO 28800 --- [WedSnap] [main] o.a.c.c.C.[Tomcat].[localhost].[/]       : Initializing Spring embedded WebApplicationContext
2025-10-16T12:53:17.322+09:00  INFO 28800 --- [WedSnap] [main] w.s.c.ServletWebServerApplicationContext : Root WebApplicationContext: initialization completed in 1090 ms
2025-10-16T12:53:18.125+09:00  INFO 28800 --- [WedSnap] [main] o.s.b.a.e.web.EndpointLinksResolver      : Exposing 1 endpoint beneath base path '/actuator'
2025-10-16T12:53:18.190+09:00  INFO 28800 --- [WedSnap] [main] o.s.b.w.embedded.tomcat.TomcatWebServer  : Tomcat started on port 8080 (http) with context path '/'
2025-10-16T12:53:18.200+09:00  INFO 28800 --- [WedSnap] [main] me.agfe.wedsnap.WedSnapApplication       : Started WedSnapApplication in 2.438 seconds (process running for 2.689)
2025-10-16T12:53:21.267+09:00  INFO 28800 --- [WedSnap] [http-nio-8080-exec-1] o.a.c.c.C.[Tomcat].[localhost].[/]       : Initializing Spring DispatcherServlet 'dispatcherServlet'
2025-10-16T12:53:21.267+09:00  INFO 28800 --- [WedSnap] [http-nio-8080-exec-1] o.s.web.servlet.DispatcherServlet        : Initializing Servlet 'dispatcherServlet'
2025-10-16T12:53:21.268+09:00  INFO 28800 --- [WedSnap] [http-nio-8080-exec-1] o.s.web.servlet.DispatcherServlet        : Completed initialization in 0 ms
2025-10-16T12:53:21.419+09:00  INFO 28800 --- [WedSnap] [http-nio-8080-exec-1] m.a.w.controller.UploadRestController    : Upload request received: eventId=test, uploader=유은호, files=5
2025-10-16T12:53:21.421+09:00  INFO 28800 --- [WedSnap] [http-nio-8080-exec-1] m.a.wedsnap.repository.UploadRepository  : 업로더명 중복 감지: 유은호 → 유은호(1)
2025-10-16T12:53:21.434+09:00  INFO 28800 --- [WedSnap] [http-nio-8080-exec-1] m.a.wedsnap.repository.UploadRepository  : [local] File saved: 스크린샷 2025-07-21 174720.png -> C:\temp\wedsnap\event-test\유은호(1)\6e8e7f5c-11ac-4ff9-8577-9c246ac9e0c6.png
2025-10-16T12:53:21.448+09:00  INFO 28800 --- [WedSnap] [http-nio-8080-exec-1] m.a.wedsnap.repository.UploadRepository  : [local] File saved: 스크린샷 2025-07-21 183236.png -> C:\temp\wedsnap\event-test\유은호(1)\4d12627f-fb4d-46b1-abe0-e084ba6aa745.png
2025-10-16T12:53:21.459+09:00  INFO 28800 --- [WedSnap] [http-nio-8080-exec-1] m.a.wedsnap.repository.UploadRepository  : [local] File saved: 스크린샷 2025-07-21 191321.png -> C:\temp\wedsnap\event-test\유은호(1)\03164095-c555-4ff1-8a86-2484495bbaae.png
2025-10-16T12:53:21.470+09:00  INFO 28800 --- [WedSnap] [http-nio-8080-exec-1] m.a.wedsnap.repository.UploadRepository  : [local] File saved: 스크린샷 2025-07-21 192636.png -> C:\temp\wedsnap\event-test\유은호(1)\bd130a40-85da-411d-a42e-7f7cde4d88eb.png
2025-10-16T12:53:21.470+09:00 ERROR 28800 --- [WedSnap] [http-nio-8080-exec-1] me.agfe.wedsnap.service.UploadService    : [local]Failed to save file: 前WedSnap기획서.md → 허용되지 않은 파일 형식입니다: 前WedSnap기획서.md
2025-10-16T12:54:01.785+09:00  INFO 1660 --- [WedSnap] [main] me.agfe.wedsnap.WedSnapApplication       : Starting WedSnapApplication using Java 17.0.13 with PID 1660 (C:\Users\maple\Documents\WedSnap\build\classes\java\main started by maple in C:\Users\maple\Documents\WedSnap)
2025-10-16T12:54:01.787+09:00 DEBUG 1660 --- [WedSnap] [main] me.agfe.wedsnap.WedSnapApplication       : Running with Spring Boot v3.5.6, Spring v6.2.11
2025-10-16T12:54:01.787+09:00  INFO 1660 --- [WedSnap] [main] me.agfe.wedsnap.WedSnapApplication       : The following 1 profile is active: "local"
2025-10-16T12:54:02.870+09:00  INFO 1660 --- [WedSnap] [main] o.s.b.w.embedded.tomcat.TomcatWebServer  : Tomcat initialized with port 8080 (http)
2025-10-16T12:54:02.880+09:00  INFO 1660 --- [WedSnap] [main] o.apache.catalina.core.StandardService   : Starting service [Tomcat]
2025-10-16T12:54:02.881+09:00  INFO 1660 --- [WedSnap] [main] o.apache.catalina.core.StandardEngine    : Starting Servlet engine: [Apache Tomcat/10.1.46]
2025-10-16T12:54:02.932+09:00  INFO 1660 --- [WedSnap] [main] o.a.c.c.C.[Tomcat].[localhost].[/]       : Initializing Spring embedded WebApplicationContext
2025-10-16T12:54:02.932+09:00  INFO 1660 --- [WedSnap] [main] w.s.c.ServletWebServerApplicationContext : Root WebApplicationContext: initialization completed in 1112 ms
2025-10-16T12:54:03.769+09:00  INFO 1660 --- [WedSnap] [main] o.s.b.a.e.web.EndpointLinksResolver      : Exposing 1 endpoint beneath base path '/actuator'
2025-10-16T12:54:03.834+09:00  INFO 1660 --- [WedSnap] [main] o.s.b.w.embedded.tomcat.TomcatWebServer  : Tomcat started on port 8080 (http) with context path '/'
2025-10-16T12:54:03.844+09:00  INFO 1660 --- [WedSnap] [main] me.agfe.wedsnap.WedSnapApplication       : Started WedSnapApplication in 2.474 seconds (process running for 2.724)
2025-10-16T12:54:06.932+09:00  INFO 1660 --- [WedSnap] [http-nio-8080-exec-1] o.a.c.c.C.[Tomcat].[localhost].[/]       : Initializing Spring DispatcherServlet 'dispatcherServlet'
2025-10-16T12:54:06.933+09:00  INFO 1660 --- [WedSnap] [http-nio-8080-exec-1] o.s.web.servlet.DispatcherServlet        : Initializing Servlet 'dispatcherServlet'
2025-10-16T12:54:06.933+09:00  INFO 1660 --- [WedSnap] [http-nio-8080-exec-1] o.s.web.servlet.DispatcherServlet        : Completed initialization in 0 ms
2025-10-16T12:54:07.057+09:00  INFO 1660 --- [WedSnap] [http-nio-8080-exec-1] m.a.w.controller.UploadRestController    : Upload request received: eventId=test, uploader=유은호, files=6
2025-10-16T12:54:07.059+09:00  INFO 1660 --- [WedSnap] [http-nio-8080-exec-1] m.a.wedsnap.repository.UploadRepository  : 업로더명 중복 감지: 유은호 → 유은호(2)
2025-10-16T12:54:07.071+09:00  INFO 1660 --- [WedSnap] [http-nio-8080-exec-1] m.a.wedsnap.repository.UploadRepository  : [local] File saved: 스크린샷 2025-07-21 174720.png -> C:\temp\wedsnap\event-test\유은호(2)\88bb2e52-950c-4d8e-b362-0b54403ef884.png
2025-10-16T12:54:07.084+09:00  INFO 1660 --- [WedSnap] [http-nio-8080-exec-1] m.a.wedsnap.repository.UploadRepository  : [local] File saved: 스크린샷 2025-07-21 183236.png -> C:\temp\wedsnap\event-test\유은호(2)\70cf8cb0-b204-4a22-b537-3cc01821cf79.png
2025-10-16T12:54:07.095+09:00  INFO 1660 --- [WedSnap] [http-nio-8080-exec-1] m.a.wedsnap.repository.UploadRepository  : [local] File saved: 스크린샷 2025-07-21 191321.png -> C:\temp\wedsnap\event-test\유은호(2)\492fb2db-7bde-47bb-bcb4-17e49f37b5f0.png
2025-10-16T12:54:07.104+09:00  INFO 1660 --- [WedSnap] [http-nio-8080-exec-1] m.a.wedsnap.repository.UploadRepository  : [local] File saved: 스크린샷 2025-07-21 192636.png -> C:\temp\wedsnap\event-test\유은호(2)\4ce80a10-1146-4d4a-8b2f-d335e70af2f8.png
2025-10-16T12:54:07.105+09:00 ERROR 1660 --- [WedSnap] [http-nio-8080-exec-1] me.agfe.wedsnap.service.UploadService    : [local] Failed to save file: 前WedSnap기획서.md → 허용되지 않은 파일 형식입니다: 前WedSnap기획서.md
2025-10-16T12:54:07.113+09:00  INFO 1660 --- [WedSnap] [http-nio-8080-exec-1] m.a.wedsnap.repository.UploadRepository  : [local] File saved: 123.jpg -> C:\temp\wedsnap\event-test\유은호(2)\b09959d2-6f59-4535-b2a1-7182404cea26.jpg
2025-10-16T12:54:21.061+09:00  INFO 1660 --- [WedSnap] [http-nio-8080-exec-3] m.a.w.controller.UploadRestController    : Upload request received: eventId=test, uploader=유은호, files=5
2025-10-16T12:54:21.062+09:00  INFO 1660 --- [WedSnap] [http-nio-8080-exec-3] m.a.wedsnap.repository.UploadRepository  : 업로더명 중복 감지: 유은호 → 유은호(3)
2025-10-16T12:54:21.072+09:00  INFO 1660 --- [WedSnap] [http-nio-8080-exec-3] m.a.wedsnap.repository.UploadRepository  : [local] File saved: 스크린샷 2025-07-21 174720.png -> C:\temp\wedsnap\event-test\유은호(3)\34a3aaa2-cc29-4730-a68a-e9c45d2beac5.png
2025-10-16T12:54:21.086+09:00  INFO 1660 --- [WedSnap] [http-nio-8080-exec-3] m.a.wedsnap.repository.UploadRepository  : [local] File saved: 스크린샷 2025-07-21 183236.png -> C:\temp\wedsnap\event-test\유은호(3)\ee92b8a4-1096-4484-85d1-a4d876c4701e.png
2025-10-16T12:54:21.099+09:00  INFO 1660 --- [WedSnap] [http-nio-8080-exec-3] m.a.wedsnap.repository.UploadRepository  : [local] File saved: 스크린샷 2025-07-21 191321.png -> C:\temp\wedsnap\event-test\유은호(3)\a694d472-317d-4746-b6df-fc0fe5512044.png
2025-10-16T12:54:21.107+09:00  INFO 1660 --- [WedSnap] [http-nio-8080-exec-3] m.a.wedsnap.repository.UploadRepository  : [local] File saved: 스크린샷 2025-07-21 192636.png -> C:\temp\wedsnap\event-test\유은호(3)\0e98fd08-bd71-4e7d-a8b0-9b3d6b18377d.png
2025-10-16T12:54:21.119+09:00  INFO 1660 --- [WedSnap] [http-nio-8080-exec-3] m.a.wedsnap.repository.UploadRepository  : [local] File saved: 123.jpg -> C:\temp\wedsnap\event-test\유은호(3)\c1017cb5-5f12-4909-a9c0-85c306525870.jpg
2025-10-16T13:03:14.345+09:00  INFO 25980 --- [WedSnap] [main] me.agfe.wedsnap.WedSnapApplication       : Starting WedSnapApplication using Java 17.0.13 with PID 25980 (C:\Users\maple\Documents\WedSnap\build\classes\java\main started by maple in C:\Users\maple\Documents\WedSnap)
2025-10-16T13:03:14.347+09:00 DEBUG 25980 --- [WedSnap] [main] me.agfe.wedsnap.WedSnapApplication       : Running with Spring Boot v3.5.6, Spring v6.2.11
2025-10-16T13:03:14.348+09:00  INFO 25980 --- [WedSnap] [main] me.agfe.wedsnap.WedSnapApplication       : The following 1 profile is active: "local"
2025-10-16T13:03:15.445+09:00  INFO 25980 --- [WedSnap] [main] o.s.b.w.embedded.tomcat.TomcatWebServer  : Tomcat initialized with port 8080 (http)
2025-10-16T13:03:15.456+09:00  INFO 25980 --- [WedSnap] [main] o.apache.catalina.core.StandardService   : Starting service [Tomcat]
2025-10-16T13:03:15.456+09:00  INFO 25980 --- [WedSnap] [main] o.apache.catalina.core.StandardEngine    : Starting Servlet engine: [Apache Tomcat/10.1.46]
2025-10-16T13:03:15.506+09:00  INFO 25980 --- [WedSnap] [main] o.a.c.c.C.[Tomcat].[localhost].[/]       : Initializing Spring embedded WebApplicationContext
2025-10-16T13:03:15.507+09:00  INFO 25980 --- [WedSnap] [main] w.s.c.ServletWebServerApplicationContext : Root WebApplicationContext: initialization completed in 1124 ms
2025-10-16T13:03:16.331+09:00  INFO 25980 --- [WedSnap] [main] o.s.b.a.e.web.EndpointLinksResolver      : Exposing 1 endpoint beneath base path '/actuator'
2025-10-16T13:03:16.394+09:00  INFO 25980 --- [WedSnap] [main] o.s.b.w.embedded.tomcat.TomcatWebServer  : Tomcat started on port 8080 (http) with context path '/'
2025-10-16T13:03:16.406+09:00  INFO 25980 --- [WedSnap] [main] me.agfe.wedsnap.WedSnapApplication       : Started WedSnapApplication in 2.515 seconds (process running for 2.764)
2025-10-16T13:03:20.644+09:00  INFO 25980 --- [WedSnap] [http-nio-8080-exec-1] o.a.c.c.C.[Tomcat].[localhost].[/]       : Initializing Spring DispatcherServlet 'dispatcherServlet'
2025-10-16T13:03:20.645+09:00  INFO 25980 --- [WedSnap] [http-nio-8080-exec-1] o.s.web.servlet.DispatcherServlet        : Initializing Servlet 'dispatcherServlet'
2025-10-16T13:03:20.646+09:00  INFO 25980 --- [WedSnap] [http-nio-8080-exec-1] o.s.web.servlet.DispatcherServlet        : Completed initialization in 1 ms
2025-10-16T13:03:20.782+09:00  INFO 25980 --- [WedSnap] [http-nio-8080-exec-1] m.a.w.controller.UploadRestController    : Upload request received: eventId=test, uploader=유은호, files=5
2025-10-16T13:03:20.797+09:00  INFO 25980 --- [WedSnap] [http-nio-8080-exec-1] m.a.wedsnap.repository.UploadRepository  : [local] File saved: 스크린샷 2025-07-21 174720.png -> C:\temp\wedsnap\event-test\유은호\e9d73a10-93c1-445d-add3-6cd183b0a713.png
2025-10-16T13:03:20.809+09:00  INFO 25980 --- [WedSnap] [http-nio-8080-exec-1] m.a.wedsnap.repository.UploadRepository  : [local] File saved: 스크린샷 2025-07-21 183236.png -> C:\temp\wedsnap\event-test\유은호\f2880843-356d-47b6-a921-04846a44a8c1.png
2025-10-16T13:03:20.820+09:00  INFO 25980 --- [WedSnap] [http-nio-8080-exec-1] m.a.wedsnap.repository.UploadRepository  : [local] File saved: 스크린샷 2025-07-21 191321.png -> C:\temp\wedsnap\event-test\유은호\84eb2395-07fc-4fb4-b013-438bd98b78ad.png
2025-10-16T13:03:20.830+09:00  INFO 25980 --- [WedSnap] [http-nio-8080-exec-1] m.a.wedsnap.repository.UploadRepository  : [local] File saved: 스크린샷 2025-07-21 192636.png -> C:\temp\wedsnap\event-test\유은호\9f66a519-c933-4680-b277-586be78c5f69.png
2025-10-16T13:03:20.841+09:00  INFO 25980 --- [WedSnap] [http-nio-8080-exec-1] m.a.wedsnap.repository.UploadRepository  : [local] File saved: 123.jpg -> C:\temp\wedsnap\event-test\유은호\3fc660cf-ae18-4c5d-8755-f4cd1d278776.jpg
2025-10-16T13:03:20.841+09:00  INFO 25980 --- [WedSnap] [http-nio-8080-exec-1] me.agfe.wedsnap.service.UploadService    : Upload Request processed: files=5, 성공 5, 실패 0, eventName=test, 업로더=유은호
2025-10-16T13:04:02.052+09:00  INFO 25736 --- [WedSnap] [main] me.agfe.wedsnap.WedSnapApplication       : Starting WedSnapApplication using Java 17.0.13 with PID 25736 (C:\Users\maple\Documents\WedSnap\build\classes\java\main started by maple in C:\Users\maple\Documents\WedSnap)
2025-10-16T13:04:02.055+09:00 DEBUG 25736 --- [WedSnap] [main] me.agfe.wedsnap.WedSnapApplication       : Running with Spring Boot v3.5.6, Spring v6.2.11
2025-10-16T13:04:02.056+09:00  INFO 25736 --- [WedSnap] [main] me.agfe.wedsnap.WedSnapApplication       : The following 1 profile is active: "local"
2025-10-16T13:04:03.155+09:00  INFO 25736 --- [WedSnap] [main] o.s.b.w.embedded.tomcat.TomcatWebServer  : Tomcat initialized with port 8080 (http)
2025-10-16T13:04:03.168+09:00  INFO 25736 --- [WedSnap] [main] o.apache.catalina.core.StandardService   : Starting service [Tomcat]
2025-10-16T13:04:03.169+09:00  INFO 25736 --- [WedSnap] [main] o.apache.catalina.core.StandardEngine    : Starting Servlet engine: [Apache Tomcat/10.1.46]
2025-10-16T13:04:03.218+09:00  INFO 25736 --- [WedSnap] [main] o.a.c.c.C.[Tomcat].[localhost].[/]       : Initializing Spring embedded WebApplicationContext
2025-10-16T13:04:03.219+09:00  INFO 25736 --- [WedSnap] [main] w.s.c.ServletWebServerApplicationContext : Root WebApplicationContext: initialization completed in 1122 ms
2025-10-16T13:04:04.002+09:00  INFO 25736 --- [WedSnap] [main] o.s.b.a.e.web.EndpointLinksResolver      : Exposing 1 endpoint beneath base path '/actuator'
2025-10-16T13:04:04.070+09:00  INFO 25736 --- [WedSnap] [main] o.s.b.w.embedded.tomcat.TomcatWebServer  : Tomcat started on port 8080 (http) with context path '/'
2025-10-16T13:04:04.079+09:00  INFO 25736 --- [WedSnap] [main] me.agfe.wedsnap.WedSnapApplication       : Started WedSnapApplication in 2.506 seconds (process running for 2.784)
2025-10-16T13:04:17.204+09:00  INFO 25736 --- [WedSnap] [http-nio-8080-exec-1] o.a.c.c.C.[Tomcat].[localhost].[/]       : Initializing Spring DispatcherServlet 'dispatcherServlet'
2025-10-16T13:04:17.205+09:00  INFO 25736 --- [WedSnap] [http-nio-8080-exec-1] o.s.web.servlet.DispatcherServlet        : Initializing Servlet 'dispatcherServlet'
2025-10-16T13:04:17.206+09:00  INFO 25736 --- [WedSnap] [http-nio-8080-exec-1] o.s.web.servlet.DispatcherServlet        : Completed initialization in 1 ms
2025-10-16T13:04:17.489+09:00  INFO 25736 --- [WedSnap] [http-nio-8080-exec-1] m.a.w.controller.UploadRestController    : Upload request received: eventId=test, uploader=유은호, files=8
2025-10-16T13:04:17.492+09:00  INFO 25736 --- [WedSnap] [http-nio-8080-exec-1] m.a.wedsnap.repository.UploadRepository  : 업로더명 중복 감지: 유은호 → 유은호(1)
2025-10-16T13:04:17.509+09:00  INFO 25736 --- [WedSnap] [http-nio-8080-exec-1] m.a.wedsnap.repository.UploadRepository  : [local] File saved: 스크린샷 2025-07-21 174720.png -> C:\temp\wedsnap\event-test\유은호(1)\fb55630d-45c8-48a1-a77e-4f196d185248.png
2025-10-16T13:04:17.522+09:00  INFO 25736 --- [WedSnap] [http-nio-8080-exec-1] m.a.wedsnap.repository.UploadRepository  : [local] File saved: 스크린샷 2025-07-21 183236.png -> C:\temp\wedsnap\event-test\유은호(1)\48c1f52b-966a-42c8-b8b6-c4cfa9fa7882.png
2025-10-16T13:04:17.535+09:00  INFO 25736 --- [WedSnap] [http-nio-8080-exec-1] m.a.wedsnap.repository.UploadRepository  : [local] File saved: 스크린샷 2025-07-21 191321.png -> C:\temp\wedsnap\event-test\유은호(1)\7b2bd4ee-e6e3-426a-be7a-16aaaceddb6b.png
2025-10-16T13:04:17.544+09:00  INFO 25736 --- [WedSnap] [http-nio-8080-exec-1] m.a.wedsnap.repository.UploadRepository  : [local] File saved: 스크린샷 2025-07-21 192636.png -> C:\temp\wedsnap\event-test\유은호(1)\90282f8f-95db-48d7-8409-165f6bdd4c10.png
2025-10-16T13:04:17.554+09:00  INFO 25736 --- [WedSnap] [http-nio-8080-exec-1] m.a.wedsnap.repository.UploadRepository  : [local] File saved: 123.jpg -> C:\temp\wedsnap\event-test\유은호(1)\5256132c-669c-4cb0-a265-bfddba7981fb.jpg
2025-10-16T13:04:17.555+09:00 ERROR 25736 --- [WedSnap] [http-nio-8080-exec-1] me.agfe.wedsnap.service.UploadService    : [local] Failed to save file: 前WedSnap기획서.md → 허용되지 않은 파일 형식입니다: 前WedSnap기획서.md
2025-10-16T13:04:17.569+09:00  INFO 25736 --- [WedSnap] [http-nio-8080-exec-1] m.a.wedsnap.repository.UploadRepository  : [local] File saved: 택배시스템.png -> C:\temp\wedsnap\event-test\유은호(1)\c667a5bc-fce8-4bd9-9062-b57db6d498e5.png
2025-10-16T13:04:17.570+09:00 ERROR 25736 --- [WedSnap] [http-nio-8080-exec-1] me.agfe.wedsnap.service.UploadService    : [local] Failed to save file: Docker Desktop.exe → 허용되지 않은 파일 형식입니다: Docker Desktop.exe
2025-10-16T13:04:17.570+09:00  INFO 25736 --- [WedSnap] [http-nio-8080-exec-1] me.agfe.wedsnap.service.UploadService    : Upload Request processed: eventName=test, 업로더=유은호(1) files=8, 성공 6, 실패 2, 
